#
# There is insufficient memory for the Java Runtime Environment to continue.
# Native memory allocation (malloc) failed to allocate 1048576 bytes for AllocateHeap
# Possible reasons:
#   The system is out of physical RAM or swap space
#   In 32 bit mode, the process size limit was hit
# Possible solutions:
#   Reduce memory load on the system
#   Increase physical memory or swap space
#   Check if swap backing store is full
#   Use 64 bit Java on a 64 bit OS
#   Decrease Java heap size (-Xmx/-Xms)
#   Decrease number of Java threads
#   Decrease Java thread stack sizes (-Xss)
#   Set larger code cache with -XX:ReservedCodeCacheSize=
# This output file may be truncated or incomplete.
#
#  Out of Memory Error (memory/allocation.inline.hpp:61), pid=33728, tid=0x000000000000bcb0
#
# JRE version:  (8.0) (build )
# Java VM: OpenJDK 64-Bit Server VM (25.71-b00 mixed mode windows-amd64 compressed oops)
# Failed to write core dump. Minidumps are not enabled by default on client versions of Windows
#

---------------  T H R E A D  ---------------

Current thread (0x00000000025fe000):  JavaThread "Unknown thread" [_thread_in_vm, id=48304, stack(0x00000000023c0000,0x00000000024c0000)]

Stack: [0x00000000023c0000,0x00000000024c0000]
[error occurred during error reporting (printing stack bounds), id 0xc0000005]

Native frames: (J=compiled Java code, j=interpreted, Vv=VM code, C=native code)


---------------  P R O C E S S  ---------------

Java Threads: ( => current thread )

Other Threads:

=>0x00000000025fe000 (exited) JavaThread "Unknown thread" [_thread_in_vm, id=48304, stack(0x00000000023c0000,0x00000000024c0000)]

VM state:not at safepoint (normal execution)

VM Mutex/Monitor currently owned by a thread: None

Heap:
 PSYoungGen      total 38400K, used 665K [0x00000000d5d00000, 0x00000000d8780000, 0x0000000100000000)
  eden space 33280K, 2% used [0x00000000d5d00000,0x00000000d5da6670,0x00000000d7d80000)
  from space 5120K, 0% used [0x00000000d8280000,0x00000000d8280000,0x00000000d8780000)
  to   space 5120K, 0% used [0x00000000d7d80000,0x00000000d7d80000,0x00000000d8280000)
 ParOldGen       total 87552K, used 0K [0x0000000081600000, 0x0000000086b80000, 0x00000000d5d00000)
  object space 87552K, 0% used [0x0000000081600000,0x0000000081600000,0x0000000086b80000)
 Metaspace       used 777K, capacity 4480K, committed 4480K, reserved 1056768K
  class space    used 74K, capacity 384K, committed 384K, reserved 1048576K

Card table byte_map: [0x00000000119c0000,0x0000000011dc0000] byte_map_base: 0x00000000115b5000

Marking Bits: (ParMarkBitMap*) 0x000000006470be50
 Begin Bits: [0x0000000012470000, 0x0000000014418000)
 End Bits:   [0x0000000014418000, 0x00000000163c0000)

Polling page: 0x0000000000bd0000

CodeCache: size=245760Kb used=328Kb max_used=328Kb free=245431Kb
 bounds [0x0000000002600000, 0x0000000002870000, 0x0000000011600000]
 total_blobs=57 nmethods=0 adapters=38
 compilation: enabled

Compilation events (0 events):
No events

GC Heap History (0 events):
No events

Deoptimization events (0 events):
No events

Classes redefined (0 events):
No events

Internal exceptions (0 events):
No events

Events (10 events):
Event: 0.027 loading class java/lang/Short
Event: 0.027 loading class java/lang/Short done
Event: 0.027 loading class java/lang/Integer
Event: 0.028 loading class java/lang/Integer done
Event: 0.028 loading class java/lang/Long
Event: 0.028 loading class java/lang/Long done
Event: 0.029 loading class java/lang/NullPointerException
Event: 0.029 loading class java/lang/NullPointerException done
Event: 0.029 loading class java/lang/ArithmeticException
Event: 0.029 loading class java/lang/ArithmeticException done


Dynamic libraries:
0x00007ff759f80000 - 0x00007ff759fb5000 	C:\Program Files\Unity\Editor\Data\PlaybackEngines\AndroidPlayer\Tools\OpenJDK\Windows\bin\java.exe
0x00007fffc0040000 - 0x00007fffc0230000 	C:\WINDOWS\SYSTEM32\ntdll.dll
0x00007fffbf980000 - 0x00007fffbfa32000 	C:\WINDOWS\System32\KERNEL32.DLL
0x00007fffbddf0000 - 0x00007fffbe094000 	C:\WINDOWS\System32\KERNELBASE.dll
0x00007fffbeaa0000 - 0x00007fffbeb43000 	C:\WINDOWS\System32\ADVAPI32.dll
0x00007fffbe120000 - 0x00007fffbe1be000 	C:\WINDOWS\System32\msvcrt.dll
0x00007fffbf2c0000 - 0x00007fffbf357000 	C:\WINDOWS\System32\sechost.dll
0x00007fffbfa40000 - 0x00007fffbfb60000 	C:\WINDOWS\System32\RPCRT4.dll
0x00007fffbe5d0000 - 0x00007fffbe764000 	C:\WINDOWS\System32\USER32.dll
0x00007fffbcfd0000 - 0x00007fffbcff1000 	C:\WINDOWS\System32\win32u.dll
0x00007fffbfb60000 - 0x00007fffbfb86000 	C:\WINDOWS\System32\GDI32.dll
0x00007fffbdb80000 - 0x00007fffbdd15000 	C:\WINDOWS\System32\gdi32full.dll
0x00007fffbd7e0000 - 0x00007fffbd87e000 	C:\WINDOWS\System32\msvcp_win.dll
0x00007fffbd880000 - 0x00007fffbd97a000 	C:\WINDOWS\System32\ucrtbase.dll
0x00007fffaf7a0000 - 0x00007fffafa24000 	C:\WINDOWS\WinSxS\amd64_microsoft.windows.common-controls_6595b64144ccf1df_6.0.18362.900_none_e6beb9d913147d17\COMCTL32.dll
0x00007fffbf360000 - 0x00007fffbf695000 	C:\WINDOWS\System32\combase.dll
0x00007fffbdd40000 - 0x00007fffbddc0000 	C:\WINDOWS\System32\bcryptPrimitives.dll
0x00007fffbe0f0000 - 0x00007fffbe11e000 	C:\WINDOWS\System32\IMM32.DLL
0x0000000064910000 - 0x00000000649e2000 	C:\Program Files\Unity\Editor\Data\PlaybackEngines\AndroidPlayer\Tools\OpenJDK\Windows\jre\bin\msvcr100.dll
0x0000000063f40000 - 0x0000000064789000 	C:\Program Files\Unity\Editor\Data\PlaybackEngines\AndroidPlayer\Tools\OpenJDK\Windows\jre\bin\server\jvm.dll
0x00007fffbe420000 - 0x00007fffbe428000 	C:\WINDOWS\System32\PSAPI.DLL
0x00007fffa8e50000 - 0x00007fffa8e59000 	C:\WINDOWS\SYSTEM32\WSOCK32.dll
0x00007fffbeb60000 - 0x00007fffbebcf000 	C:\WINDOWS\System32\WS2_32.dll
0x00007fffbb020000 - 0x00007fffbb044000 	C:\WINDOWS\SYSTEM32\WINMM.dll
0x00007fffb2920000 - 0x00007fffb292a000 	C:\WINDOWS\SYSTEM32\VERSION.dll
0x00007fffbaff0000 - 0x00007fffbb01d000 	C:\WINDOWS\SYSTEM32\WINMMBASE.dll
0x00007fffbe0a0000 - 0x00007fffbe0ea000 	C:\WINDOWS\System32\cfgmgr32.dll
0x00007fffb9940000 - 0x00007fffb994f000 	C:\Program Files\Unity\Editor\Data\PlaybackEngines\AndroidPlayer\Tools\OpenJDK\Windows\jre\bin\verify.dll
0x00007fffb1110000 - 0x00007fffb1139000 	C:\Program Files\Unity\Editor\Data\PlaybackEngines\AndroidPlayer\Tools\OpenJDK\Windows\jre\bin\java.dll
0x00007fffabf60000 - 0x00007fffabf76000 	C:\Program Files\Unity\Editor\Data\PlaybackEngines\AndroidPlayer\Tools\OpenJDK\Windows\jre\bin\zip.dll

VM Arguments:
java_command: <unknown>
java_class_path (initial): .
Launcher Type: SUN_STANDARD

Environment Variables:
JAVA_HOME=C:/Program Files/Unity/Editor/Data/PlaybackEngines/AndroidPlayer/Tools\OpenJDK\Windows
PATH=C:\Program Files (x86)\Common Files\Oracle\Java\javapath;C:\WINDOWS\system32;C:\WINDOWS;C:\WINDOWS\System32\Wbem;C:\WINDOWS\System32\WindowsPowerShell\v1.0\;C:\WINDOWS\System32\OpenSSH\;C:\Program Files\Git\cmd;C:\Python27;C:\Python27:\python.exe;C:\Users\HungNV\AppData\Local\Android\Sdk\platform-tools;C:\Program Files (x86)\Common Files\Oracle\Java\javapath;C:\WINDOWS\system32;C:\WINDOWS;C:\WINDOWS\System32\Wbem;C:\WINDOWS\System32\WindowsPowerShell\v1.0\;C:\WINDOWS\System32\OpenSSH\;C:\Program Files\Git\cmd;C:\Python27;C:\Python27:\python.exe;C:\Users\HungNV\AppData\Local\Android\Sdk\platform-tools;C:\Program Files (x86)\Common Files\Oracle\Java\javapath;C:\WINDOWS\system32;C:\WINDOWS;C:\WINDOWS\System32\Wbem;C:\WINDOWS\System32\WindowsPowerShell\v1.0\;C:\WINDOWS\System32\OpenSSH\;C:\Program Files\Git\cmd;C:\Python27;C:\Python27:\python.exe;C:\Users\HungNV\AppData\Local\Android\Sdk\platform-tools;C:\WINDOWS\System32;C:\Users\HungNV\Desktop\Cocos2d js\ApacheAnt1\bin;C:\Program Files\Java\jdk1.8.0_211\bin;C:\Program Files\dotnet\;C:\Users\HungNV\AppData\Roaming\npm;C:\Users\HungNV\AppData\Roaming\npm\node_modules\bower\bin;;C:\Users\HungNV\Desktop\Cocos2d js\ApacheAnt1\bin;C:\Program Files\Java\jdk1.8.0_211\bin;C:\Program Files\dotnet\;C:\Users\HungNV\AppData\Roaming\npm;C:\Users\HungNV\AppData\Roaming\npm\node_modules\bower\bin;;C:\Users\HungNV\Desktop\Cocos2d js\ApacheAnt1\bin;C:\Program Files\Java\jdk1.8.0_211\bin;C:\Program Files\dotnet\;C:\Users\HungNV\AppData\Roaming\npm;C:\Users\HungNV\AppData\Roaming\npm\node_modules\bower\bin;C:\Users\HungNV\Desktop\Cocos2d js\Cocos2dx3\templates;C:\Users\HungNV\Desktop\Cocos2d js\Cocos2dx3\tools\cocos2d-console\bin;C:\Users\HungNV\AppData\Local\Microsoft\WindowsApps;C:\Users\HungNV\AppData\Local\Programs\Microsoft VS Code\bin;C:\Users\HungNV\.dotnet\tools;C:\Program Files\nodejs;C:\Users\HungNV\AppData\Roaming\npm;C:\Users\HungNV\AppData\Roaming\npm\node_modules\bower\bin;
USERNAME=HungNV
OS=Windows_NT
PROCESSOR_IDENTIFIER=Intel64 Family 6 Model 60 Stepping 3, GenuineIntel



---------------  S Y S T E M  ---------------

OS: Windows 10.0 , 64 bit Build 18362 (10.0.18362.900)

CPU:total 4 (initial active 4) (2 cores per cpu, 2 threads per core) family 6 model 60 stepping 3, cmov, cx8, fxsr, mmx, sse, sse2, sse3, ssse3, sse4.1, sse4.2, popcnt, avx, avx2, aes, clmul, erms, lzcnt, ht, tsc, tscinvbit, bmi1, bmi2

Memory: 4k page, physical 8293712k(1984896k free), swap 33459536k(5792k free)

vm_info: OpenJDK 64-Bit Server VM (25.71-b00) for windows-amd64 JRE (1.8.0-adoptopenjdk-_2018_05_19_00_59-b00), built on May 19 2018 01:02:12 by "jenkins" with MS VC++ 10.0 (VS2010)

time: Thu Jul 02 17:35:37 2020
elapsed time: 0 seconds (0d 0h 0m 0s)

